# JRE version: OpenJDK Runtime Environment Corretto-22.0.2.9.1 (22.0.2+9) (build 22.0.2+9-FR)
# Java VM: OpenJDK 64-Bit Server VM Corretto-22.0.2.9.1 (22.0.2+9-FR, mixed mode, sharing, tiered, compressed oops, compressed class ptrs, g1 gc, bsd-aarch64)
Heap:
 garbage-first heap   total reserved 2097152K, committed 52224K, used 22446K [0x0000000780000000, 0x0000000800000000)
  region size 1024K, 6 young (6144K), 4 survivors (4096K)
 Metaspace       used 32676K, committed 33216K, reserved 1114112K
  class space    used 4051K, committed 4288K, reserved 1048576K
GC Heap History (8 events):
Event: 0.429 GC heap before
{Heap before GC invocations=0 (full 0):
 garbage-first heap   total reserved 2097152K, committed 133120K, used 24592K [0x0000000780000000, 0x0000000800000000)
  region size 1024K, 24 young (24576K), 0 survivors (0K)
 Metaspace       used 6420K, committed 6656K, reserved 1114112K
  class space    used 727K, committed 832K, reserved 1048576K
}
Event: 0.435 GC heap after
{Heap after GC invocations=1 (full 0):
 garbage-first heap   total reserved 2097152K, committed 133120K, used 5392K [0x0000000780000000, 0x0000000800000000)
  region size 1024K, 3 young (3072K), 3 survivors (3072K)
 Metaspace       used 6420K, committed 6656K, reserved 1114112K
  class space    used 727K, committed 832K, reserved 1048576K
}
Event: 9.137 GC heap before
{Heap before GC invocations=1 (full 0):
 garbage-first heap   total reserved 2097152K, committed 133120K, used 39184K [0x0000000780000000, 0x0000000800000000)
  region size 1024K, 38 young (38912K), 3 survivors (3072K)
 Metaspace       used 21038K, committed 21504K, reserved 1114112K
  class space    used 2710K, committed 2944K, reserved 1048576K
}
Event: 9.150 GC heap after
{Heap after GC invocations=2 (full 0):
 garbage-first heap   total reserved 2097152K, committed 133120K, used 10309K [0x0000000780000000, 0x0000000800000000)
  region size 1024K, 5 young (5120K), 5 survivors (5120K)
 Metaspace       used 21038K, committed 21504K, reserved 1114112K
  class space    used 2710K, committed 2944K, reserved 1048576K
}
Event: 20.489 GC heap before
{Heap before GC invocations=3 (full 0):
 garbage-first heap   total reserved 2097152K, committed 40960K, used 37957K [0x0000000780000000, 0x0000000800000000)
  region size 1024K, 33 young (33792K), 5 survivors (5120K)
 Metaspace       used 31868K, committed 32384K, reserved 1114112K
  class space    used 3977K, committed 4224K, reserved 1048576K
}
Event: 20.497 GC heap after
{Heap after GC invocations=4 (full 0):
 garbage-first heap   total reserved 2097152K, committed 49152K, used 13562K [0x0000000780000000, 0x0000000800000000)
  region size 1024K, 8 young (8192K), 8 survivors (8192K)
 Metaspace       used 31868K, committed 32384K, reserved 1114112K
  class space    used 3977K, committed 4224K, reserved 1048576K
}
Event: 38.034 GC heap before
{Heap before GC invocations=4 (full 0):
 garbage-first heap   total reserved 2097152K, committed 49152K, used 33018K [0x0000000780000000, 0x0000000800000000)
  region size 1024K, 28 young (28672K), 8 survivors (8192K)
 Metaspace       used 32634K, committed 33216K, reserved 1114112K
  class space    used 4042K, committed 4288K, reserved 1048576K
}
Event: 38.053 GC heap after
{Heap after GC invocations=5 (full 0):
 garbage-first heap   total reserved 2097152K, committed 52224K, used 21133K [0x0000000780000000, 0x0000000800000000)
  region size 1024K, 4 young (4096K), 4 survivors (4096K)
 Metaspace       used 32634K, committed 33216K, reserved 1114112K
  class space    used 4042K, committed 4288K, reserved 1048576K
}

